C ~~~~~~~~~~~~~~~~~~~~~~~~~~~~~~~~~~~~~~~~~~~~~~~~~~~~~~~~~~~~~~~~~~~~~~~~~
C                                                                  
C Log File with Human-Readable Information                         
C                                                                  
C Generated by KPP-3.0.0-rc.2 symbolic chemistry Kinetics PreProcessor
C       (https:/github.com/KineticPreProcessor/KPP                 
C KPP is distributed under GPL, the general public licence         
C       (http://www.gnu.org/copyleft/gpl.html)                     
C (C) 1995-1997, V. Damian & A. Sandu, CGRER, Univ. Iowa           
C (C) 1997-2022, A. Sandu, Michigan Tech, Virginia Tech            
C     With important contributions from:                           
C        M. Damian,   Villanova University, Philadelphia, PA, USA  
C        R. Sander,   Max-Planck Institute for Chemistry, Mainz, Germany
C        M. Long,     Renaissance Fiber, LLC, North Carolina, USA  
C        H. Lin,      Harvard University, Cambridge, MA, USA       
C        R. Yantosca, Harvard University, Cambridge, MA, USA       
C                                                                  
C File                 : small_strato.log                          
C Equation file        : small_strato.def                          
C Output root filename : small_strato                              
C                                                                  
C ~~~~~~~~~~~~~~~~~~~~~~~~~~~~~~~~~~~~~~~~~~~~~~~~~~~~~~~~~~~~~~~~~~~~~~~~~



### Options -------------------------------------------

#DECLARE      - OFF
#DOUBLE       - ON
#DRIVER       - none
#DUMMYINDEX   - OFF
#EQNTAGS      - OFF
#FUNCTION     - AGGREGATE
#HESSIAN      - ON
#INTEGRATOR   - rosenbrock
#JACOBIAN     - SPARSE_LU_ROW
#MEX          - ON
#MINVERSION   - none
#REORDER      - ON
#STOCHASTIC   - OFF
#STOICMAT     - ON
#UPPERCASEF90 - OFF

### Parameters ----------------------------------------

C NSPEC - Number of chemical species                               
      INTEGER NSPEC
      PARAMETER ( NSPEC = 7 )
C NVAR - Number of Variable species                                
      INTEGER NVAR
      PARAMETER ( NVAR = 5 )
C NVARACT - Number of Active species                               
      INTEGER NVARACT
      PARAMETER ( NVARACT = 5 )
C NFIX - Number of Fixed species                                   
      INTEGER NFIX
      PARAMETER ( NFIX = 2 )
C NREACT - Number of reactions                                     
      INTEGER NREACT
      PARAMETER ( NREACT = 10 )
C NVARST - Starting of variables in conc. vect.                    
      INTEGER NVARST
      PARAMETER ( NVARST = 1 )
C NFIXST - Starting of fixed in conc. vect.                        
      INTEGER NFIXST
      PARAMETER ( NFIXST = 6 )

### Species -------------------------------------------

Variable species
   1 = O1D (r)                   3 = O3 (r)                    5 = NO2 (r)                
   2 = O (r)                     4 = NO (r)                 

Fixed species
   1 = M (r)                     2 = O2 (r)                 

### Subroutines ---------------------------------------

      SUBROUTINE Fun ( V, F, RCT, Vdot, Aout )
      SUBROUTINE Fun_SPLIT ( V, F, RCT, Vdot, P_VAR, D_VAR, Aout )
      SUBROUTINE CalcStoichNum ( StoichNum )
      SUBROUTINE Jac_SP ( V, F, RCT, JVS )
      SUBROUTINE Jac_SP_Vec ( JVS, UV, JUV )
      SUBROUTINE JacTR_SP_Vec ( JVS, UV, JTUV )
      SUBROUTINE KppSolve ( JVS, X )
      SUBROUTINE KppSolveTR ( JVS, X, XX )
      SUBROUTINE Hessian ( V, F, RCT, HESS )
      SUBROUTINE HessTR_Vec ( HESS, U1, U2, HTU )
      SUBROUTINE Hess_Vec ( HESS, U1, U2, HU )
      SUBROUTINE Initialize ( )
      SUBROUTINE Shuffle_user2kpp ( V_USER, V )
      SUBROUTINE Shuffle_kpp2user ( V, V_USER )
      SUBROUTINE Update_RCONST ( )
      SUBROUTINE Update_PHOTO ( )
      SUBROUTINE GetMass ( CL, Mass )
      SUBROUTINE ReactantProd ( V, F, ARP )
      SUBROUTINE JacReactantProd ( V, F, JVRP )
